<?xml version="1.0" encoding="UTF-8"?>
<!-- Generated by org.testng.reporters.JUnitReportReporter -->
<testsuite hostname="DESKTOP-I2CTVV8" failures="0" tests="5" name="com.lbrce.devops.UserValidationTest" time="0.028" errors="0" timestamp="2023-11-06T22:42:19 IST" skipped="0">
  <testcase classname="com.lbrce.devops.UserValidationTest" name="testCase2" time="0.000"/>
  <testcase classname="com.lbrce.devops.UserValidationTest" name="testCase1" time="0.026"/>
  <testcase classname="com.lbrce.devops.UserValidationTest" name="testCase5" time="0.001"/>
  <testcase classname="com.lbrce.devops.UserValidationTest" name="testCase4" time="0.001"/>
  <testcase classname="com.lbrce.devops.UserValidationTest" name="testCase3" time="0.000"/>
</testsuite> <!-- com.lbrce.devops.UserValidationTest -->
